<?xml version="1.0" encoding="UTF-8"?>
<!-- Generated by org.testng.reporters.JUnitReportReporter -->
<testsuite hostname="LAPTOP-6V5G6Q8J" failures="0" tests="3" name="Tests.IssueCreation" time="9.193" errors="0" timestamp="2025-01-09T21:44:26 IST" skipped="0">
  <testcase classname="Tests.IssueCreation" name="addAttachment" time="1.800"/>
  <testcase classname="Tests.IssueCreation" name="issueCreationTest" time="6.590"/>
  <testcase classname="Tests.IssueCreation" name="deleteIssue" time="0.803"/>
</testsuite> <!-- Tests.IssueCreation -->
